2014-06-20 22:38:20.620:INFO::main: Logging initialized @6158ms
2014-06-20 22:38:21.045:INFO:oejs.Server:main: jetty-9.2.0.M0
2014-06-20 22:38:22.967:INFO:/:main: Warning: No org.apache.tomcat.JarScanner set in ServletContext. Falling back to default JarScanner implementation.
2014-06-20 22:38:23.714:INFO:oejsh.ContextHandler:main: Started o.e.j.m.p.JettyWebAppContext@dc982{/,[file:/home/tkb/automatical/workspaces/java/race/race/race-webapp/src/main/webapp/, jar:file:/home/tkb/.m2/repository/thomasb/race/web-utils-js/0.1-SNAPSHOT/web-utils-js-0.1-SNAPSHOT.jar!/META-INF/resources],AVAILABLE}{file:/home/tkb/automatical/workspaces/java/race/race/race-webapp/src/main/webapp/}
2014-06-20 22:38:23.715:WARN:oejsh.RequestLogHandler:main: !RequestLog
2014-06-20 22:38:23.761:INFO:oejs.ServerConnector:main: Started ServerConnector@1b55420{HTTP/1.1}{0.0.0.0:8080}
2014-06-20 22:38:23.762:INFO:oejs.Server:main: Started @9320ms
T: 0
T: 0
T: 1
T: 1
T: 2
T: 2
T: 3
T: 3
T: 4
T: 4
T: 5
T: 5
T: 6
T: 6
T: 7
T: 7
T: 8
T: 8
T: 9
T: 9
T: 10
T: 10
T: 11
T: 11
T: 12
T: 12
T: 13
T: 13
T: 14
T: 14
T: 15
T: 15
T: 16
T: 16
T: 17
T: 17
T: 18
T: 18
T: 19
T: 19
T: 20
T: 20
T: 21
T: 21
T: 22
T: 22
T: 23
T: 23
T: 24
T: 24
T: 25
T: 25
T: 26
T: 26
T: 27
T: 27
T: 28
T: 28
T: 29
T: 29
T: 30
T: 30
T: 31
T: 31
T: 32
T: 32
T: 33
T: 33
T: 34
T: 34
T: 35
T: 35
T: 36
T: 36
T: 37
T: 37
T: 38
T: 38
T: 39
T: 39
T: 40
T: 40
T: 41
T: 41
T: 42
T: 42
T: 43
T: 43
T: 44
T: 44
T: 45
T: 45
T: 46
T: 46
T: 47
T: 47
T: 48
T: 48
T: 49
T: 49
T: 50
T: 50
T: 51
T: 51
T: 52
T: 52
T: 53
T: 53
T: 54
T: 54
T: 55
T: 55
T: 56
T: 56
T: 57
T: 57
T: 58
T: 58
T: 59
T: 59
T: 60
T: 60
T: 61
T: 61
T: 62
T: 62
T: 63
T: 63
T: 64
T: 64
T: 65
T: 65
T: 66
T: 66
T: 67
T: 67
T: 68
T: 68
T: 69
T: 69
T: 70
T: 70
T: 71
T: 71
T: 72
T: 72
T: 73
T: 73
T: 74
T: 74
T: 75
T: 75
T: 76
T: 76
T: 77
T: 77
T: 78
T: 78
T: 79
T: 79
T: 80
T: 80
T: 81
T: 81
T: 82
T: 82
T: 83
T: 83
T: 84
T: 84
T: 85
T: 85
T: 86
T: 86
T: 87
T: 87
T: 88
T: 88
T: 89
T: 89
T: 90
T: 90
T: 91
T: 91
T: 92
T: 92
T: 93
T: 93
T: 94
T: 94
T: 95
T: 95
T: 96
T: 96
T: 97
T: 97
T: 98
T: 98
T: 99
T: 99
T: 100
T: 100
T: 101
T: 101
